<?xml version="1.0" encoding="UTF-8"?>
<!-- Generated by org.testng.reporters.JUnitReportReporter -->
<testsuite hostname="DESKTOP-1F48T11" failures="0" tests="1" name="Testclass.TC_01pagehandler" time="75.256" errors="0" timestamp="2022-10-06T18:12:25 IST" skipped="0">
  <testcase classname="Testclass.TC_01pagehandler" name="windowhandling" time="75.256"/>
  <system-out/>
</testsuite> <!-- Testclass.TC_01pagehandler -->
