<?xml version="1.0" encoding="UTF-8"?>
<!-- Generated by org.testng.reporters.JUnitReportReporter -->
<testsuite hostname="DESKTOP-1F48T11" failures="0" tests="3" name="priorityAndinvocation.priorityAndInvocation" time="0.029" errors="0" timestamp="2022-10-08T15:52:20 IST" skipped="0">
  <testcase classname="priorityAndinvocation.priorityAndInvocation" name="testb" time="0.014"/>
  <system-out/>
  <testcase classname="priorityAndinvocation.priorityAndInvocation" name="teste" time="0.010"/>
  <system-out/>
  <testcase classname="priorityAndinvocation.priorityAndInvocation" name="testa" time="0.005"/>
  <system-out/>
</testsuite> <!-- priorityAndinvocation.priorityAndInvocation -->
