<?xml version="1.0" encoding="UTF-8"?>
<!-- Generated by org.testng.reporters.JUnitReportReporter -->
<testsuite hostname="DESKTOP-1F48T11" failures="0" tests="6" name="priorityAndinvocation.priorityclass" time="0.048" errors="0" timestamp="2022-10-05T12:45:26 IST" skipped="0">
  <testcase classname="priorityAndinvocation.priorityclass" name="TestD" time="0.019"/>
  <system-out/>
  <testcase classname="priorityAndinvocation.priorityclass" name="TestF" time="0.003"/>
  <system-out/>
  <testcase classname="priorityAndinvocation.priorityclass" name="TsetB" time="0.003"/>
  <system-out/>
  <testcase classname="priorityAndinvocation.priorityclass" name="TestA" time="0.005"/>
  <system-out/>
  <testcase classname="priorityAndinvocation.priorityclass" name="TestC" time="0.003"/>
  <system-out/>
  <testcase classname="priorityAndinvocation.priorityclass" name="TestE" time="0.015"/>
  <system-out/>
</testsuite> <!-- priorityAndinvocation.priorityclass -->
